Arguments: 
  C:\Program Files\nodejs\node.exe C:\Program Files (x86)\Yarn\bin\yarn.js test

PATH: 
  C:\Python\Scripts\;C:\Python\;C:\Program Files\Docker\Docker\Resources\bin;C:\ProgramData\Oracle\Java\javapath;C:\WINDOWS\system32;C:\WINDOWS;C:\WINDOWS\System32\Wbem;C:\WINDOWS\System32\WindowsPowerShell\v1.0\;C:\Program Files (x86)\sbt\\bin;C:\Program Files\Microsoft DNX\Dnvm\;C:\Program Files\MySQL\MySQL Server 5.7\bin;C:\Program Files\Java\jdk1.8.0\bin;D:\Android\sdk\build-tools\25.0.2;D:\Android\sdk\platform-tools;D:\Android\sdk\tools;C:\Program Files (x86)\PuTTY\;C:\Program Files\Git\cmd;C:\ProgramData\chocolatey\bin;C:\Users\almothafar\AppData\Roaming\npm;C:\OpenSSL-Win64\bin;C:\Program Files\OpenVPN\bin;C:\Program Files\Perforce;C:\Program Files (x86)\sbt\bin;C:\Program Files (x86)\NVIDIA Corporation\PhysX\Common;C:\Program Files (x86)\Windows Kits\10\Windows Performance Toolkit\;C:\Program Files\PowerShell\6.0.0\;C:\Program Files\nodejs\;C:\Program Files (x86)\Yarn\bin\;C:\Users\almothafar\AppData\Local\Microsoft\WindowsApps;C:\Program Files\Docker Toolbox;C:\Users\almothafar\AppData\Local\Yarn\bin

Yarn version: 
  1.5.1

Node version: 
  8.9.4

Platform: 
  win32 x64

npm manifest: 
  {
    "name": "webpack-inline-manifest-plugin",
    "version": "4.0.0",
    "description": "inline your Webpack manifest.js with a script tag to save http request",
    "main": "index.js",
    "scripts": {
      "lint": "node ./node_modules/eslint/bin/eslint.js --debug -v --color --ext .js"
    },
    "repository": {
      "type": "git",
      "url": "https://github.com/almothafar/webpack-inline-manifest-plugin.git"
    },
    "keywords": [
      "webpack",
      "plugin",
      "manifest",
      "runtime",
      "webpack-inline-manifest-plugin"
    ],
    "author": "Al-Mothafar Al-Hasan <almothafar@gmail.com> (https://github.com/almothafar)",
    "license": "MIT",
    "homepage": "https://github.com/almothafar/webpack-inline-manifest-plugin",
    "dependencies": {
      "source-map-url": "0.4.0"
    },
    "devDependencies": {
      "eslint": "^4.18.2",
      "eslint-config-standard": "^11.0.0",
      "eslint-plugin-promise": "^3.7.0",
      "eslint-plugin-standard": "^3.0.1"
    }
  }

yarn manifest: 
  No manifest

Lockfile: 
  No lockfile

Trace: 
  Error: Command "test" not found.
      at new MessageError (C:\Program Files (x86)\Yarn\lib\cli.js:186:110)
      at C:\Program Files (x86)\Yarn\lib\cli.js:87307:17
      at Generator.next (<anonymous>)
      at step (C:\Program Files (x86)\Yarn\lib\cli.js:98:30)
      at C:\Program Files (x86)\Yarn\lib\cli.js:116:14
      at new Promise (<anonymous>)
      at new F (C:\Program Files (x86)\Yarn\lib\cli.js:23451:28)
      at C:\Program Files (x86)\Yarn\lib\cli.js:95:12
      at runCommand (C:\Program Files (x86)\Yarn\lib\cli.js:87312:22)
      at Object.<anonymous> (C:\Program Files (x86)\Yarn\lib\cli.js:87412:14)
